2024-01-19 16:29:46,940:INFO : initializing service***********
2024-01-19 16:38:53,075:INFO : initializing service***********
2024-01-19 16:39:26,301:INFO : initializing service***********
2024-01-19 16:40:23,077:INFO : initializing service***********
2024-01-19 16:48:51,427:INFO : initializing service***********
2024-01-19 16:49:33,741:INFO : initializing service***********
2024-01-19 16:52:55,809:INFO : initializing service***********
2024-01-19 16:52:57,890:INFO : initializing service***********
2024-01-19 16:56:41,200:INFO : initializing hooks***********
2024-01-19 16:56:41,203:INFO : initializing service***********
2024-01-19 16:56:43,296:INFO : initializing hooks***********
2024-01-19 16:56:43,296:INFO : initializing service***********
2024-01-19 17:09:27,604:INFO : initializing hooks***********
2024-01-19 17:09:27,605:INFO : initializing service***********
2024-01-19 17:16:42,043:INFO : initializing hooks***********
2024-01-19 17:16:42,044:INFO : initializing service***********
2024-01-19 17:30:49,682:INFO : initializing hooks***********
2024-01-19 17:30:49,683:INFO : initialized hooks***********
2024-01-19 17:30:49,684:INFO : initializing service***********
2024-01-20 14:19:59,957:INFO : initializing hooks***********
2024-01-20 14:19:59,957:INFO : initialized hooks***********
2024-01-20 14:19:59,957:INFO : initializing service***********
2024-01-20 14:20:27,727:INFO : initializing hooks***********
2024-01-20 14:20:27,727:INFO : initialized hooks***********
2024-01-20 14:20:27,728:INFO : initializing service***********
2024-01-20 14:20:58,661:INFO : initializing hooks***********
2024-01-20 14:20:58,661:INFO : initialized hooks***********
2024-01-20 14:20:58,661:INFO : initializing service***********
2024-01-20 14:23:26,160:INFO : initializing hooks***********
2024-01-20 14:23:26,160:INFO : initialized hooks***********
2024-01-20 14:23:26,160:INFO : initializing service***********
2024-01-20 14:23:57,765:INFO : initializing hooks***********
2024-01-20 14:23:57,765:INFO : initialized hooks***********
2024-01-20 14:23:57,765:INFO : initializing service***********
2024-01-20 14:24:00,768:INFO : initializing hooks***********
2024-01-20 14:24:00,768:INFO : initialized hooks***********
2024-01-20 14:24:00,768:INFO : initializing service***********
2024-01-20 14:24:08,766:INFO : initializing hooks***********
2024-01-20 14:24:08,767:INFO : initialized hooks***********
2024-01-20 14:24:08,767:INFO : initializing service***********
2024-01-20 14:25:23,178:INFO : initializing hooks***********
2024-01-20 14:25:23,178:INFO : initialized hooks***********
2024-01-20 14:25:23,178:INFO : initializing service***********
2024-01-20 14:33:27,885:INFO : initializing hooks***********
2024-01-20 14:33:27,890:INFO : initialized hooks***********
2024-01-20 14:33:27,892:INFO : initializing service***********
2024-01-20 14:34:20,509:INFO : initializing hooks***********
2024-01-20 14:34:20,510:INFO : initialized hooks***********
2024-01-20 14:34:20,510:INFO : initializing service***********
2024-01-20 14:38:48,836:INFO : initializing hooks***********
2024-01-20 14:38:48,836:INFO : initialized hooks***********
2024-01-20 14:38:48,836:INFO : initializing service***********
2024-01-20 14:55:32,569:INFO : initializing hooks***********
2024-01-20 14:55:32,570:INFO : initialized hooks***********
2024-01-20 14:55:32,570:INFO : initializing service***********
2024-01-20 15:01:30,733:INFO : initializing hooks***********
2024-01-20 15:01:30,734:INFO : initialized hooks***********
2024-01-20 15:01:30,734:INFO : initializing service***********
2024-01-20 15:53:15,920:INFO : initializing hooks***********
2024-01-20 15:53:15,921:INFO : initialized hooks***********
2024-01-20 15:53:15,921:INFO : initializing service***********
2024-01-20 16:00:00,068:INFO : initializing hooks***********
2024-01-20 16:00:00,069:INFO : initialized hooks***********
2024-01-20 16:00:00,069:INFO : initializing service***********
2024-01-22 09:12:45,712:INFO : initializing hooks***********
2024-01-22 09:12:45,713:INFO : initialized hooks***********
2024-01-22 09:12:45,713:INFO : initializing service***********
2024-01-22 09:19:52,904:INFO : initializing hooks now***********
2024-01-22 09:19:53,530:INFO : initializing hooks now***********
2024-01-22 09:22:57,367:INFO : initializing hooks now***********
2024-01-22 09:22:57,649:INFO : initializing hooks now***********
2024-01-22 09:31:18,089:INFO : initializing hooks now***********
2024-01-22 09:31:18,090:INFO : initialized hooks***********
2024-01-22 09:31:18,091:INFO : initializing service***********
2024-01-22 09:38:45,487:INFO : initializing hooks now***********
2024-01-22 09:38:45,488:INFO : initialized hooks***********
2024-01-22 09:38:45,488:INFO : initializing service***********
2024-01-22 09:38:48,379:INFO : initializing hooks now***********
2024-01-22 09:38:48,380:INFO : initialized hooks***********
2024-01-22 09:38:48,380:INFO : initializing service***********
2024-01-22 09:41:08,276:INFO : initializing hooks now***********
2024-01-22 09:41:08,277:INFO : initialized hooks***********
2024-01-22 09:41:08,278:INFO : initializing service***********
2024-01-22 09:46:08,491:INFO : initializing hooks now***********
2024-01-22 09:46:08,492:INFO : initialized hooks***********
2024-01-22 09:46:08,492:INFO : initializing service***********
2024-01-22 09:46:25,136:INFO : initializing hooks now***********
2024-01-22 09:46:25,136:INFO : initialized hooks***********
2024-01-22 09:46:25,136:INFO : initializing service***********
2024-01-22 09:46:27,828:INFO : initializing hooks now***********
2024-01-22 09:46:27,828:INFO : initialized hooks***********
2024-01-22 09:46:27,828:INFO : initializing service***********
2024-01-22 09:51:43,407:INFO : initializing hooks now***********
2024-01-22 09:51:43,409:INFO : initialized hooks***********
2024-01-22 09:51:43,411:INFO : initializing service***********
2024-01-22 09:58:01,909:INFO : initializing hooks now***********
2024-01-22 09:58:01,910:INFO : initialized hooks***********
2024-01-22 09:58:01,911:INFO : initializing service***********
2024-01-22 09:58:26,833:INFO : initializing hooks now***********
2024-01-22 09:58:26,833:INFO : initialized hooks***********
2024-01-22 09:58:26,833:INFO : initializing service***********
2024-01-22 09:58:29,732:INFO : initializing hooks now***********
2024-01-22 09:58:29,733:INFO : initialized hooks***********
2024-01-22 09:58:29,733:INFO : initializing service***********
2024-01-22 09:59:25,585:INFO : initializing hooks now***********
2024-01-22 09:59:25,585:INFO : initialized hooks***********
2024-01-22 09:59:25,585:INFO : initializing service***********
2024-01-22 09:59:27,832:INFO : initializing hooks now***********
2024-01-22 09:59:27,832:INFO : initialized hooks***********
2024-01-22 09:59:27,833:INFO : initializing service***********
2024-01-22 11:12:37,081:INFO : initializing hooks now***********
2024-01-22 11:12:37,081:INFO : Record inserted***********
2024-01-22 11:12:37,082:INFO : User data update signal emitted 

2024-01-22 11:12:37,082:INFO : {}
2024-01-22 11:12:37,082:INFO : initialized hooks***********
2024-01-22 11:12:37,082:INFO : initializing service***********
2024-01-22 11:12:39,431:INFO : initializing hooks now***********
2024-01-22 11:12:39,431:INFO : Record inserted***********
2024-01-22 11:12:39,431:INFO : User data update signal emitted 

2024-01-22 11:12:39,431:INFO : {}
2024-01-22 11:12:39,432:INFO : initialized hooks***********
2024-01-22 11:12:39,432:INFO : initializing service***********
2024-01-22 11:13:45,969:INFO : initializing hooks now***********
2024-01-22 11:13:45,973:INFO : Record inserted***********
2024-01-22 11:13:45,974:INFO : User data update signal emitted 

2024-01-22 11:13:45,975:INFO : {}
2024-01-22 11:13:45,976:INFO : initialized hooks***********
2024-01-22 11:13:45,977:INFO : initializing service***********
2024-01-22 11:27:42,207:INFO : initializing hooks now***********
2024-01-22 11:27:42,208:INFO : initialized hooks***********
2024-01-22 11:27:42,208:INFO : initializing service***********
2024-01-22 11:27:44,837:INFO : initializing hooks now***********
2024-01-22 11:27:44,837:INFO : initialized hooks***********
2024-01-22 11:27:44,837:INFO : initializing service***********
2024-01-22 11:41:13,038:INFO : initializing hooks now***********
2024-01-22 11:41:13,039:INFO : initialized hooks***********
2024-01-22 11:41:13,040:INFO : initializing service***********
2024-01-22 11:55:13,742:INFO : initializing hooks now***********
2024-01-22 11:55:13,744:INFO : initialized hooks***********
2024-01-22 11:55:13,745:INFO : initializing service***********
2024-01-22 12:59:24,132:INFO : initializing hooks now***********
2024-01-22 12:59:24,135:INFO : initialized hooks***********
2024-01-22 12:59:24,136:INFO : initializing service***********
2024-01-22 13:00:17,569:INFO : initializing hooks now***********
2024-01-22 13:00:17,570:INFO : initialized hooks***********
2024-01-22 13:00:17,570:INFO : initializing service***********
2024-01-22 13:01:21,974:INFO : initializing hooks now***********
2024-01-22 13:01:21,976:INFO : initialized hooks***********
2024-01-22 13:01:21,976:INFO : initializing service***********
2024-01-22 13:02:37,898:INFO : initializing hooks now***********
2024-01-22 13:02:37,899:INFO : initialized hooks***********
2024-01-22 13:02:37,900:INFO : initializing service***********
2024-01-22 13:03:19,215:INFO : initializing hooks now***********
2024-01-22 13:03:19,216:INFO : initialized hooks***********
2024-01-22 13:03:19,217:INFO : initializing service***********
2024-01-22 13:14:06,696:INFO : initializing hooks now***********
2024-01-22 13:14:07,319:INFO : initializing hooks now***********
2024-01-22 13:14:55,281:INFO : initializing hooks now***********
2024-01-22 13:14:55,759:INFO : initializing hooks now***********
2024-01-22 13:48:47,106:INFO : initializing hooks now***********
2024-01-22 13:48:47,468:INFO : initializing hooks now***********
2024-01-22 14:01:28,886:INFO : initializing service***********
2024-01-22 14:01:32,161:INFO : initializing service***********
2024-01-22 14:02:45,807:INFO : initializing service***********
2024-01-22 14:05:20,699:INFO : initializing service***********
2024-01-22 14:05:23,917:INFO : initializing service***********
2024-01-22 14:11:21,582:INFO : initializing service***********
2024-01-22 14:11:27,225:INFO : initializing service***********
2024-01-22 14:11:31,712:INFO : initializing service***********
2024-01-22 14:13:20,817:INFO : initializing service***********
2024-01-22 14:13:27,883:INFO : initializing service***********
2024-01-22 14:13:30,651:INFO : initializing service***********
2024-01-22 14:14:06,458:INFO : update_draft*****
2024-01-22 14:14:58,857:INFO : update_draft*****
2024-01-22 14:15:24,338:INFO : initializing service***********
2024-01-22 14:15:40,147:INFO : update_draft*****
2024-01-22 14:16:03,763:INFO : initializing service***********
2024-01-22 14:16:06,685:INFO : initializing service***********
2024-01-22 14:24:52,624:INFO : initializing service***********
2024-01-22 14:24:54,858:INFO : initializing service***********
2024-01-22 14:24:55,158:INFO : create******
2024-01-22 14:24:55,235:INFO : update_draft*****
2024-01-22 14:24:55,295:INFO : publish*****
2024-01-22 15:09:28,672:INFO : initializing service***********
2024-01-22 15:09:31,208:INFO : initializing service***********
2024-01-22 15:09:31,456:INFO : Created record
2024-01-22 15:10:23,170:INFO : initializing service***********
2024-01-22 15:10:40,194:INFO : initializing service***********
2024-01-22 15:10:43,341:INFO : initializing service***********
2024-01-22 15:10:43,581:INFO : Created record
2024-01-22 15:20:04,601:INFO : initializing service***********
2024-01-22 15:20:07,395:INFO : initializing service***********
2024-01-22 15:20:07,627:INFO : Created record
2024-01-22 15:20:07,627:INFO : {}
2024-01-22 15:20:08,622:INFO : Notification sent successfully
2024-01-22 15:20:08,622:INFO : ------
2024-01-22 15:20:08,877:INFO : Updated draft
2024-01-22 15:22:54,558:INFO : initializing service***********
2024-01-22 15:22:56,817:INFO : initializing service***********
2024-01-22 15:22:57,031:INFO : Created record
2024-01-22 15:22:57,031:INFO : {}
2024-01-22 15:22:57,962:INFO : Notification sent successfully
2024-01-22 15:22:57,964:INFO : ------
2024-01-22 15:22:58,186:INFO : Updated draft
2024-01-22 15:24:36,255:INFO : initializing service***********
2024-01-22 15:24:38,507:INFO : initializing service***********
2024-01-22 15:24:38,735:INFO : Created record
2024-01-22 15:24:38,735:INFO : {}
2024-01-22 15:24:39,735:INFO : Notification sent successfully
2024-01-22 15:24:39,735:INFO : ------
2024-01-22 15:24:39,917:INFO : Updated draft
2024-01-22 15:27:59,001:INFO : initializing service***********
2024-01-22 15:28:01,212:INFO : initializing service***********
2024-01-22 15:28:01,441:INFO : Created record
2024-01-22 15:28:01,441:INFO : {}
2024-01-22 15:28:06,793:INFO : Notification sent successfully
2024-01-22 15:28:06,794:INFO : ------
2024-01-22 15:28:07,104:INFO : Updated draft
2024-01-22 15:39:31,277:INFO : initializing service***********
2024-01-22 15:39:33,567:INFO : initializing service***********
2024-01-22 15:39:33,852:INFO : Created record
2024-01-22 15:40:01,214:INFO : initializing service***********
2024-01-22 15:40:03,492:INFO : initializing service***********
2024-01-22 15:40:03,768:INFO : Created record
2024-01-22 15:40:47,210:INFO : initializing service***********
2024-01-22 15:40:49,524:INFO : initializing service***********
2024-01-22 15:40:49,754:INFO : Created record
2024-01-22 15:41:26,095:INFO : initializing service***********
2024-01-22 15:41:28,029:INFO : initializing service***********
2024-01-22 15:41:28,256:INFO : Created record
2024-01-22 15:42:17,608:INFO : initializing service***********
2024-01-22 15:42:19,958:INFO : initializing service***********
2024-01-22 15:42:20,275:INFO : Created record
2024-01-22 15:42:20,276:INFO : {'type': 'work', 'network': 'works', 'primary_url': 'https://works.hcommons.org/records/yfdwg-m2974', 'other_urls': ['https://works.hcommons.org/records/yfdwg-m2974/files'], 'title': 'A Romans story', 'description': '', 'publication_date': '2020-06-01', 'updated_date': '2024-01-22 20:42:20+00:00'}
2024-01-22 15:42:21,475:INFO : Notification sent successfully
2024-01-22 15:42:21,475:INFO : ------
2024-01-22 15:42:21,754:INFO : Updated draft
2024-01-22 15:42:21,754:INFO : {'type': 'work', 'network': 'works', 'primary_url': 'https://works.hcommons.org/records/yfdwg-m2974', 'other_urls': [], 'title': 'A Romans Story 2', 'description': '', 'publication_date': '2020-06-01', 'updated_date': '2024-01-22 20:42:21+00:00'}
2024-01-22 15:42:22,861:INFO : Notification sent successfully
2024-01-22 15:42:22,861:INFO : ------
2024-01-22 15:42:23,026:INFO : Published draft
2024-01-22 15:42:23,026:INFO : {'type': 'work', 'network': 'works', 'primary_url': 'https://works.hcommons.org/records/yfdwg-m2974', 'other_urls': ['https://works.hcommons.org/records/yfdwg-m2974/files'], 'title': 'A Romans Story 2', 'description': '', 'publication_date': '2020-06-01', 'updated_date': '2024-01-22 20:42:23+00:00'}
2024-01-22 15:42:23,944:INFO : Notification sent successfully
2024-01-22 15:42:23,944:INFO : ------
2024-01-22 15:51:44,131:INFO : initializing service***********
2024-01-22 15:51:57,150:INFO : Updated draft
2024-01-22 15:51:57,151:INFO : {'type': 'work', 'network': 'works', 'primary_url': 'https://works.hcommons.org/records/35hpe-jgv93', 'other_urls': [], 'title': 'A photo 33', 'description': '', 'publication_date': '2024-01-18', 'updated_date': '2024-01-22 20:51:57+00:00'}
2024-01-22 15:51:58,084:INFO : Notification sent successfully
2024-01-22 15:51:58,084:INFO : ------
2024-01-22 15:56:41,650:INFO : initializing service***********
2024-01-22 15:56:54,154:INFO : Updated draft
2024-01-22 15:56:54,155:INFO : {'type': 'work', 'network': 'works', 'primary_url': 'https://works.hcommons.org/records/35hpe-jgv93', 'other_urls': [], 'title': 'A photo 33', 'description': '', 'publication_date': '2024-01-18', 'updated_date': '2024-01-22 20:56:54+00:00'}
2024-01-22 15:56:55,129:INFO : <Response [200]>
2024-01-22 16:00:16,130:INFO : initializing service***********
2024-01-22 16:00:20,689:INFO : initializing service***********
2024-01-22 16:00:20,962:INFO : Created record
2024-01-22 16:00:20,963:INFO : {'type': 'work', 'network': 'works', 'primary_url': 'https://works.hcommons.org/records/kyfvt-88967', 'other_urls': ['https://works.hcommons.org/records/kyfvt-88967/files'], 'title': 'A Romans story', 'description': '', 'publication_date': '2020-06-01', 'updated_date': '2024-01-22 21:00:20+00:00'}
2024-01-22 16:00:21,722:INFO : <Response [302]>
2024-01-22 16:00:21,926:INFO : Updated draft
2024-01-22 16:00:21,926:INFO : {'type': 'work', 'network': 'works', 'primary_url': 'https://works.hcommons.org/records/kyfvt-88967', 'other_urls': [], 'title': 'A Romans Story 2', 'description': '', 'publication_date': '2020-06-01', 'updated_date': '2024-01-22 21:00:21+00:00'}
2024-01-22 16:00:23,164:INFO : <Response [302]>
2024-01-22 16:00:23,329:INFO : Published draft
2024-01-22 16:00:23,329:INFO : {'type': 'work', 'network': 'works', 'primary_url': 'https://works.hcommons.org/records/kyfvt-88967', 'other_urls': ['https://works.hcommons.org/records/kyfvt-88967/files'], 'title': 'A Romans Story 2', 'description': '', 'publication_date': '2020-06-01', 'updated_date': '2024-01-22 21:00:23+00:00'}
2024-01-22 16:00:23,921:INFO : <Response [302]>
2024-01-22 16:48:54,920:INFO : Updated draft
2024-01-22 16:48:54,925:INFO : {'type': 'work', 'network': 'works', 'primary_url': 'https://works.hcommons.org/records/35hpe-jgv93', 'other_urls': [], 'title': 'A photo 33', 'description': '', 'publication_date': '2024-01-18', 'updated_date': '2024-01-22 21:48:54+00:00'}
2024-01-22 16:48:55,832:INFO : <Response [200]>
2024-01-22 17:37:43,122:INFO : Updated draft
2024-01-22 17:37:43,125:INFO : {'type': 'work', 'network': 'works', 'primary_url': 'https://works.hcommons.org/records/35hpe-jgv93', 'other_urls': [], 'title': 'A photo 34', 'description': '', 'publication_date': '2024-01-18', 'updated_date': '2024-01-22 22:37:43+00:00'}
2024-01-22 17:37:44,030:INFO : <Response [200]>
2024-01-22 17:37:49,972:INFO : Updated draft
2024-01-22 17:37:49,973:INFO : {'type': 'work', 'network': 'works', 'primary_url': 'https://works.hcommons.org/records/35hpe-jgv93', 'other_urls': [], 'title': 'A photo 34', 'description': '', 'publication_date': '2024-01-18', 'updated_date': '2024-01-22 22:37:49+00:00'}
2024-01-22 17:37:50,814:INFO : <Response [200]>
2024-01-22 17:38:04,561:INFO : Updated draft
2024-01-22 17:38:04,564:INFO : {'type': 'work', 'network': 'works', 'primary_url': 'https://works.hcommons.org/records/35hpe-jgv93', 'other_urls': [], 'title': 'A photo 34', 'description': '', 'publication_date': '2024-01-18', 'updated_date': '2024-01-22 22:38:04+00:00'}
2024-01-22 17:38:05,502:INFO : <Response [200]>
2024-01-22 17:38:05,685:INFO : Published draft
2024-01-22 17:38:05,686:INFO : {'type': 'work', 'network': 'works', 'primary_url': 'https://works.hcommons.org/records/35hpe-jgv93', 'other_urls': [], 'title': 'A photo 34', 'description': '', 'publication_date': '2024-01-18', 'updated_date': '2024-01-22 22:38:05+00:00'}
2024-01-22 17:38:06,527:INFO : <Response [200]>
2024-01-22 17:38:41,074:INFO : Created record
2024-01-22 17:38:41,076:INFO : {'type': 'work', 'network': 'works', 'primary_url': 'https://works.hcommons.org/records/bpmhv-3cr76', 'other_urls': ['https://works.hcommons.org/records/bpmhv-3cr76/files'], 'title': 'A photo', 'description': '', 'publication_date': '2024-01-18', 'updated_date': '2024-01-22 22:38:41+00:00'}
2024-01-22 17:38:42,101:INFO : <Response [200]>
2024-01-22 17:38:49,069:INFO : Updated draft
2024-01-22 17:38:49,071:INFO : {'type': 'work', 'network': 'works', 'primary_url': 'https://works.hcommons.org/records/bpmhv-3cr76', 'other_urls': ['https://works.hcommons.org/records/bpmhv-3cr76/files'], 'title': 'A photo', 'description': '', 'publication_date': '2024-01-18', 'updated_date': '2024-01-22 22:38:49+00:00'}
2024-01-22 17:38:50,047:INFO : <Response [200]>
2024-01-22 17:39:07,155:INFO : Updated draft
2024-01-22 17:39:07,157:INFO : {'type': 'work', 'network': 'works', 'primary_url': 'https://works.hcommons.org/records/bpmhv-3cr76', 'other_urls': ['https://works.hcommons.org/records/bpmhv-3cr76/files'], 'title': 'A photo', 'description': '', 'publication_date': '2024-01-18', 'updated_date': '2024-01-22 22:39:07+00:00'}
2024-01-22 17:39:08,140:INFO : <Response [200]>
2024-01-22 17:39:08,352:INFO : Published draft
2024-01-22 17:39:08,353:INFO : {'type': 'work', 'network': 'works', 'primary_url': 'https://works.hcommons.org/records/bpmhv-3cr76', 'other_urls': ['https://works.hcommons.org/records/bpmhv-3cr76/files'], 'title': 'A photo', 'description': '', 'publication_date': '2024-01-18', 'updated_date': '2024-01-22 22:39:08+00:00'}
2024-01-22 17:39:09,412:INFO : <Response [200]>
2024-01-22 17:39:42,464:INFO : Created new version of published record
2024-01-22 17:39:42,465:INFO : {'type': 'work', 'network': 'works', 'primary_url': 'https://works.hcommons.org/records/bpmhv-3cr76', 'other_urls': []}
2024-01-22 17:39:43,437:INFO : <Response [200]>
2024-01-22 17:40:15,447:INFO : Updated draft
2024-01-22 17:40:15,449:INFO : {'type': 'work', 'network': 'works', 'primary_url': 'https://works.hcommons.org/records/m39zj-mnp69', 'other_urls': ['https://works.hcommons.org/records/m39zj-mnp69/files'], 'title': 'A photo 2', 'description': '', 'publication_date': '2024-01-22', 'updated_date': '2024-01-22 22:40:15+00:00'}
2024-01-22 17:40:16,300:INFO : <Response [200]>
2024-01-22 17:40:16,513:INFO : Published draft
2024-01-22 17:40:16,514:INFO : {'type': 'work', 'network': 'works', 'primary_url': 'https://works.hcommons.org/records/m39zj-mnp69', 'other_urls': ['https://works.hcommons.org/records/m39zj-mnp69/files'], 'title': 'A photo 2', 'description': '', 'publication_date': '2024-01-22', 'updated_date': '2024-01-22 22:40:16+00:00'}
2024-01-22 17:40:17,372:INFO : <Response [200]>
2024-01-22 19:00:05,883:INFO : Edited published record
2024-01-22 19:00:05,887:INFO : {'type': 'work', 'network': 'works', 'primary_url': 'https://works.hcommons.org/records/m39zj-mnp69', 'other_urls': []}
2024-01-22 19:00:06,990:INFO : <Response [200]>
2024-01-22 19:00:39,871:INFO : Created new version of published record
2024-01-22 19:00:39,876:INFO : {'type': 'work', 'network': 'works', 'primary_url': 'https://works.hcommons.org/records/m39zj-mnp69', 'other_urls': []}
2024-01-22 19:00:42,125:INFO : <Response [200]>
2024-01-22 19:01:15,676:INFO : Updated draft
2024-01-22 19:01:15,678:INFO : {'type': 'work', 'network': 'works', 'primary_url': 'https://works.hcommons.org/records/w6tas-vzm67', 'other_urls': ['https://works.hcommons.org/records/w6tas-vzm67/files'], 'title': 'A photo 2', 'description': '', 'publication_date': '2024-01-22', 'updated_date': '2024-01-23 00:01:15+00:00'}
2024-01-22 19:01:16,460:INFO : <Response [200]>
2024-01-22 19:01:21,787:INFO : Updated draft
2024-01-22 19:01:21,789:INFO : {'type': 'work', 'network': 'works', 'primary_url': 'https://works.hcommons.org/records/w6tas-vzm67', 'other_urls': ['https://works.hcommons.org/records/w6tas-vzm67/files'], 'title': 'A photo 2', 'description': '', 'publication_date': '2024-01-22', 'updated_date': '2024-01-23 00:01:21+00:00'}
2024-01-22 19:01:22,723:INFO : <Response [200]>
2024-01-22 19:01:22,945:INFO : Published draft
2024-01-22 19:01:22,946:INFO : {'type': 'work', 'network': 'works', 'primary_url': 'https://works.hcommons.org/records/w6tas-vzm67', 'other_urls': ['https://works.hcommons.org/records/w6tas-vzm67/files'], 'title': 'A photo 2', 'description': '', 'publication_date': '2024-01-22', 'updated_date': '2024-01-23 00:01:22+00:00'}
2024-01-22 19:01:23,932:INFO : <Response [200]>
2024-01-22 19:15:58,241:INFO : Edited published record
2024-01-22 19:15:58,244:INFO : {'type': 'work', 'network': 'works', 'primary_url': 'https://works.hcommons.org/records/w6tas-vzm67', 'other_urls': []}
2024-01-22 19:15:59,306:INFO : <Response [200]>
2024-01-22 19:16:21,920:INFO : Updated draft
2024-01-22 19:16:21,923:INFO : {'type': 'work', 'network': 'works', 'primary_url': 'https://works.hcommons.org/records/w6tas-vzm67', 'other_urls': ['https://works.hcommons.org/records/w6tas-vzm67/files'], 'title': 'A photo 2', 'description': '', 'publication_date': '2024-01-22', 'updated_date': '2024-01-23 00:16:21+00:00'}
2024-01-22 19:16:22,812:INFO : <Response [200]>
2024-01-22 19:16:24,987:INFO : Updated draft
2024-01-22 19:16:24,988:INFO : {'type': 'work', 'network': 'works', 'primary_url': 'https://works.hcommons.org/records/w6tas-vzm67', 'other_urls': ['https://works.hcommons.org/records/w6tas-vzm67/files'], 'title': 'A photo 2', 'description': '', 'publication_date': '2024-01-22', 'updated_date': '2024-01-23 00:16:24+00:00'}
2024-01-22 19:16:26,171:INFO : <Response [200]>
2024-01-22 19:17:26,884:INFO : Updated draft
2024-01-22 19:17:26,886:INFO : {'type': 'work', 'network': 'works', 'primary_url': 'https://works.hcommons.org/records/w6tas-vzm67', 'other_urls': ['https://works.hcommons.org/records/w6tas-vzm67/files'], 'title': 'A photo 2', 'description': '', 'publication_date': '2024-01-22', 'updated_date': '2024-01-23 00:17:26+00:00'}
2024-01-22 19:17:27,816:INFO : <Response [200]>
2024-01-22 19:17:29,193:INFO : Updated draft
2024-01-22 19:17:29,194:INFO : {'type': 'work', 'network': 'works', 'primary_url': 'https://works.hcommons.org/records/w6tas-vzm67', 'other_urls': ['https://works.hcommons.org/records/w6tas-vzm67/files'], 'title': 'A photo 2', 'description': '', 'publication_date': '2024-01-22', 'updated_date': '2024-01-23 00:17:29+00:00'}
2024-01-22 19:17:30,021:INFO : <Response [200]>
2024-01-22 19:30:26,606:INFO : initializing service***********
2024-01-23 11:11:28,404:INFO : initializing service***********
2024-01-23 11:11:31,834:INFO : initializing service***********
2024-01-23 11:11:32,293:INFO : Created record
2024-01-23 11:11:32,293:INFO : {'type': 'work', 'network': 'works', 'primary_url': 'https://works.hcommons.org/records/wwmye-ctr88', 'other_urls': ['https://works.hcommons.org/records/wwmye-ctr88/files'], 'title': 'A Romans story', 'description': '', 'publication_date': '2020-06-01', 'updated_date': '2024-01-23 16:11:32+00:00'}
2024-01-23 11:11:32,778:INFO : <Response [302]>
2024-01-23 11:11:33,081:INFO : Updated draft
2024-01-23 11:11:33,081:INFO : {'type': 'work', 'network': 'works', 'primary_url': 'https://works.hcommons.org/records/wwmye-ctr88', 'other_urls': [], 'title': 'A Romans Story 2', 'description': '', 'publication_date': '2020-06-01', 'updated_date': '2024-01-23 16:11:33+00:00'}
2024-01-23 11:11:33,482:INFO : <Response [302]>
2024-01-23 11:11:33,619:INFO : Published draft
2024-01-23 11:11:33,619:INFO : {'type': 'work', 'network': 'works', 'primary_url': 'https://works.hcommons.org/records/wwmye-ctr88', 'other_urls': ['https://works.hcommons.org/records/wwmye-ctr88/files'], 'title': 'A Romans Story 2', 'description': '', 'publication_date': '2020-06-01', 'updated_date': '2024-01-23 16:11:33+00:00'}
2024-01-23 11:11:34,113:INFO : <Response [302]>
2024-01-23 17:03:59,864:INFO : Sending update_draft event notice
2024-01-23 17:03:59,865:INFO : method: PUT
2024-01-23 17:03:59,866:INFO : payload:
2024-01-23 17:03:59,866:INFO : <function <lambda> at 0x1150909d0>
2024-01-23 17:04:00,455:INFO : <Response [302]>
2024-01-23 17:04:00,457:ERROR : Error sending notification (status code 302)
2024-01-23 17:04:00,457:ERROR : 
2024-01-23 17:31:19,805:INFO : Sending update_draft event notice
2024-01-23 17:31:19,807:INFO : method: PUT
2024-01-23 17:31:19,807:INFO : payload:
2024-01-23 17:31:19,808:INFO : <function <lambda> at 0x127b9f940>
2024-01-23 17:31:20,254:INFO : <Response [302]>
2024-01-23 17:31:20,256:ERROR : Error sending notification (status code 302)
2024-01-23 17:31:20,257:ERROR : 
2024-01-23 17:38:25,181:INFO : Sending update_draft event notice
2024-01-23 17:38:25,183:INFO : method: PUT
2024-01-23 17:38:25,183:INFO : payload:
2024-01-23 17:38:25,184:INFO : <function <lambda> at 0x127b9f940>
2024-01-23 17:38:25,761:INFO : <Response [302]>
2024-01-23 17:38:25,763:ERROR : Error sending notification (status code 302)
2024-01-23 17:38:25,764:ERROR : 
2024-01-23 17:40:20,411:INFO : Sending update_draft event notice
2024-01-23 17:40:20,413:INFO : method: PUT
2024-01-23 17:40:20,414:INFO : payload:
2024-01-23 17:40:20,415:INFO : {'description': '',
 'network': 'works',
 'other_urls': ['https://localhost/records/w6tas-vzm67/files'],
 'primary_url': 'https://localhost/records/w6tas-vzm67',
 'publication_date': '2024-01-23',
 'title': 'A photo 3',
 'type': 'work',
 'updated_date': '2024-01-23 22:40:20+00:00'}
2024-01-23 17:40:21,018:INFO : <Response [302]>
2024-01-23 17:40:21,019:ERROR : Error sending notification (status code 302)
2024-01-23 17:40:21,019:ERROR : 
2024-01-23 17:51:33,855:INFO : Sending update_draft event notice
2024-01-23 17:51:33,861:INFO : method: PUT
2024-01-23 17:51:33,861:INFO : payload:
2024-01-23 17:51:33,862:INFO : {'description': '',
 'network': 'works',
 'other_urls': ['https://localhost/records/w6tas-vzm67/files'],
 'primary_url': 'https://localhost/records/w6tas-vzm67',
 'publication_date': '2024-01-23',
 'title': 'A photo 3',
 'type': 'work',
 'updated_date': '2024-01-23 22:51:33+00:00'}
2024-01-23 17:51:34,392:INFO : <Response [302]>
2024-01-23 17:51:34,394:ERROR : Error sending notification (status code 302)
2024-01-23 17:51:34,395:ERROR : 
2024-01-23 17:51:34,651:INFO : Sending publish event notice
2024-01-23 17:52:23,380:INFO : Sending update_draft event notice
2024-01-23 17:52:23,387:INFO : method: PUT
2024-01-23 17:52:23,388:INFO : payload:
2024-01-23 17:52:23,388:INFO : {'description': '',
 'network': 'works',
 'other_urls': ['https://localhost/records/w6tas-vzm67/files'],
 'primary_url': 'https://localhost/records/w6tas-vzm67',
 'publication_date': '2024-01-23',
 'title': 'A photo 3',
 'type': 'work',
 'updated_date': '2024-01-23 22:52:23+00:00'}
2024-01-23 17:52:23,992:INFO : <Response [302]>
2024-01-23 17:52:23,994:ERROR : Error sending notification (status code 302)
2024-01-23 17:52:23,996:ERROR : 
2024-01-23 17:52:24,317:INFO : Sending publish event notice
2024-01-23 17:53:55,475:INFO : Sending update_draft event notice
2024-01-23 17:53:55,476:INFO : method: PUT
2024-01-23 17:53:55,476:INFO : payload:
2024-01-23 17:53:55,476:INFO : {'description': '',
 'network': 'works',
 'other_urls': ['https://localhost/records/w6tas-vzm67/files'],
 'primary_url': 'https://localhost/records/w6tas-vzm67',
 'publication_date': '2024-01-23',
 'title': 'A photo 3',
 'type': 'work',
 'updated_date': '2024-01-23 22:53:55+00:00'}
2024-01-23 17:53:56,108:INFO : <Response [302]>
2024-01-23 17:53:56,112:ERROR : Error sending notification (status code 302)
2024-01-23 17:53:56,114:ERROR : 
2024-01-23 17:53:56,412:INFO : Sending publish event notice
2024-01-23 17:56:27,242:INFO : Sending update_draft event notice
2024-01-23 17:56:27,243:INFO : method: PUT
2024-01-23 17:56:27,243:INFO : payload:
2024-01-23 17:56:27,244:INFO : {'description': '',
 'network': 'works',
 'other_urls': ['https://localhost/records/w6tas-vzm67/files'],
 'primary_url': 'https://localhost/records/w6tas-vzm67',
 'publication_date': '2024-01-23',
 'title': 'A photo 3',
 'type': 'work',
 'updated_date': '2024-01-23 22:56:27+00:00'}
2024-01-23 17:56:27,759:INFO : <Response [302]>
2024-01-23 17:56:27,763:ERROR : Error sending notification (status code 302)
2024-01-23 17:56:27,765:ERROR : 
2024-01-23 17:56:28,157:INFO : Sending publish event notice
2024-01-23 17:56:28,158:INFO : method: POST
2024-01-23 17:56:28,158:INFO : payload:
2024-01-23 17:56:28,159:INFO : {'description': '',
 'network': 'works',
 'other_urls': ['https://localhost/records/w6tas-vzm67/files'],
 'primary_url': 'https://localhost/records/w6tas-vzm67',
 'publication_date': '2024-01-23',
 'title': 'A photo 3',
 'type': 'work',
 'updated_date': '2024-01-23 22:56:28+00:00'}
2024-01-23 17:56:28,500:INFO : <Response [302]>
2024-01-23 17:56:28,502:ERROR : Error sending notification (status code 302)
2024-01-23 17:56:28,503:ERROR : 
2024-01-24 10:32:55,667:INFO : Sending create event notice
2024-01-24 10:33:49,053:INFO : Sending create event notice
2024-01-24 10:38:08,598:INFO : Sending update_draft event notice
2024-01-24 10:38:08,600:INFO : method: PUT
2024-01-24 10:38:08,601:INFO : payload:
2024-01-24 10:38:08,601:INFO : {'description': '',
 'network': 'works',
 'other_urls': ['https://localhost/records/w6tas-vzm67/files'],
 'primary_url': 'https://localhost/records/w6tas-vzm67',
 'publication_date': '2024-01-23',
 'title': 'A photo 3',
 'type': 'work',
 'updated_date': '2024-01-24 15:38:08+00:00'}
2024-01-24 10:38:09,024:INFO : <Response [302]>
2024-01-24 10:38:09,033:ERROR : Error sending notification (status code 302)
2024-01-24 10:38:09,035:ERROR : 
2024-01-24 10:41:59,209:INFO : Sending create event notice
2024-01-24 10:43:03,008:INFO : Sending create event notice
2024-01-24 10:43:36,187:INFO : Sending create event notice
2024-01-24 10:43:36,187:INFO : method: POST
2024-01-24 10:43:36,187:INFO : payload:
2024-01-24 10:43:36,187:INFO : {'internal_error': "KeyError('id')"}
2024-01-24 10:43:36,187:ERROR : Error generating the payload for the notification:
2024-01-24 10:43:36,187:ERROR : KeyError('id')
2024-01-24 10:43:36,264:INFO : Sending update_draft event notice
2024-01-24 10:43:36,264:INFO : method: PUT
2024-01-24 10:43:36,264:INFO : payload:
2024-01-24 10:43:36,264:INFO : {'internal_error': "KeyError('id')"}
2024-01-24 10:43:36,264:ERROR : Error generating the payload for the notification:
2024-01-24 10:43:36,264:ERROR : KeyError('id')
2024-01-24 10:43:36,364:INFO : Sending publish event notice
2024-01-24 10:43:36,365:INFO : method: POST
2024-01-24 10:43:36,365:INFO : payload:
2024-01-24 10:43:36,365:INFO : {'description': '',
 'network': 'works',
 'other_urls': [],
 'primary_url': 'https://localhost/records/1avjz-szf81',
 'publication_date': '2020-06-01',
 'title': 'A Romans Story 2',
 'type': 'work',
 'updated_date': '2024-01-24 15:43:36+00:00'}
2024-01-24 10:43:36,742:INFO : <Response [302]>
2024-01-24 10:43:36,744:ERROR : Error sending notification (status code 302)
2024-01-24 10:43:36,744:ERROR : 
2024-01-24 10:46:18,403:INFO : Sending create event notice
2024-01-24 10:46:18,405:INFO : method: POST
2024-01-24 10:46:18,405:INFO : payload:
2024-01-24 10:46:18,405:INFO : {'internal_error': "KeyError('id')"}
2024-01-24 10:46:18,405:ERROR : Error generating the payload for the notification:
2024-01-24 10:46:18,405:ERROR : KeyError('id')
2024-01-24 10:46:18,405:INFO : Sending create event notice
2024-01-24 10:46:18,405:INFO : method: POST
2024-01-24 10:46:18,405:INFO : payload:
2024-01-24 10:46:18,405:INFO : {'internal_error': "KeyError('id')"}
2024-01-24 10:46:18,405:ERROR : Error generating the payload for the notification:
2024-01-24 10:46:18,405:ERROR : KeyError('id')
2024-01-24 10:46:18,468:INFO : Sending update_draft event notice
2024-01-24 10:46:18,468:INFO : method: PUT
2024-01-24 10:46:18,468:INFO : payload:
2024-01-24 10:46:18,468:INFO : {'internal_error': "KeyError('id')"}
2024-01-24 10:46:18,469:ERROR : Error generating the payload for the notification:
2024-01-24 10:46:18,469:ERROR : KeyError('id')
2024-01-24 10:46:18,469:INFO : Sending update_draft event notice
2024-01-24 10:46:18,469:INFO : method: PUT
2024-01-24 10:46:18,469:INFO : payload:
2024-01-24 10:46:18,469:INFO : {'internal_error': "KeyError('id')"}
2024-01-24 10:46:18,469:ERROR : Error generating the payload for the notification:
2024-01-24 10:46:18,469:ERROR : KeyError('id')
2024-01-24 10:46:18,550:INFO : Sending publish event notice
2024-01-24 10:46:18,550:INFO : method: POST
2024-01-24 10:46:18,550:INFO : payload:
2024-01-24 10:46:18,550:INFO : {'description': '',
 'network': 'works',
 'other_urls': [],
 'primary_url': 'https://localhost/records/aqxyy-3zn51',
 'publication_date': '2020-06-01',
 'title': 'A Romans Story 2',
 'type': 'work',
 'updated_date': '2024-01-24 15:46:18+00:00'}
2024-01-24 10:46:18,943:INFO : <Response [302]>
2024-01-24 10:46:18,943:ERROR : Error sending notification (status code 302)
2024-01-24 10:46:18,943:ERROR : 
2024-01-24 10:46:18,943:INFO : Sending publish event notice
2024-01-24 10:46:18,943:INFO : method: POST
2024-01-24 10:46:18,943:INFO : payload:
2024-01-24 10:46:18,944:INFO : {'description': '',
 'network': 'works',
 'other_urls': [],
 'primary_url': 'https://localhost/records/aqxyy-3zn51',
 'publication_date': '2020-06-01',
 'title': 'A Romans Story 2',
 'type': 'work',
 'updated_date': '2024-01-24 15:46:18+00:00'}
2024-01-24 10:46:19,353:INFO : <Response [302]>
2024-01-24 10:46:19,354:ERROR : Error sending notification (status code 302)
2024-01-24 10:46:19,354:ERROR : 
2024-01-24 10:47:43,840:INFO : Sending create event notice
2024-01-24 10:47:43,841:INFO : method: POST
2024-01-24 10:47:43,841:INFO : payload:
2024-01-24 10:47:43,841:INFO : {'internal_error': "KeyError('id')"}
2024-01-24 10:47:43,841:ERROR : Error generating the payload for the notification:
2024-01-24 10:47:43,841:ERROR : KeyError('id')
2024-01-24 10:47:43,935:INFO : Sending update_draft event notice
2024-01-24 10:47:43,935:INFO : method: PUT
2024-01-24 10:47:43,935:INFO : payload:
2024-01-24 10:47:43,936:INFO : {'internal_error': "KeyError('id')"}
2024-01-24 10:47:43,936:ERROR : Error generating the payload for the notification:
2024-01-24 10:47:43,936:ERROR : KeyError('id')
2024-01-24 10:47:44,003:INFO : Sending publish event notice
2024-01-24 10:47:44,003:INFO : method: POST
2024-01-24 10:47:44,003:INFO : payload:
2024-01-24 10:47:44,003:INFO : {'description': '',
 'network': 'works',
 'other_urls': [],
 'primary_url': 'https://localhost/records/t4aa6-kp230',
 'publication_date': '2020-06-01',
 'title': 'A Romans Story 2',
 'type': 'work',
 'updated_date': '2024-01-24 15:47:44+00:00'}
2024-01-24 10:47:44,493:INFO : <Response [302]>
2024-01-24 10:47:44,495:ERROR : Error sending notification (status code 302)
2024-01-24 10:47:44,495:ERROR : 
2024-01-24 12:29:32,795:INFO : Sending update_draft notice to event queue
2024-01-24 13:24:50,521:INFO : Sending update_draft notice to event queue
2024-01-24 13:25:48,076:INFO : Sending update_draft notice to event queue
2024-01-24 13:27:34,174:INFO : Sending update_draft notice to event queue
2024-01-24 13:28:36,475:INFO : Sending update_draft notice to event queue
2024-01-24 13:30:13,689:INFO : Sending update_draft notice to event queue
2024-01-24 13:47:20,603:INFO : Sending update_draft notice to event queue
2024-01-24 13:48:05,114:INFO : Sending update_draft notice to event queue
2024-01-24 13:50:49,921:INFO : Sending update_draft notice to event queue
2024-01-24 14:00:17,264:INFO : Sending update_draft notice to event queue
2024-01-24 14:00:17,355:INFO : method: PUT
2024-01-24 14:00:17,355:INFO : payload:
2024-01-24 14:00:17,356:INFO : {'description': '',
 'network': 'works',
 'other_urls': ['https://localhost/records/w6tas-vzm67/files'],
 'primary_url': 'https://localhost/records/w6tas-vzm67',
 'publication_date': '2024-01-23',
 'title': 'A photo 3',
 'type': 'work',
 'updated_date': '2024-01-24 19:00:17+00:00'}
2024-01-24 14:00:17,874:INFO : <Response [302]>
2024-01-24 14:00:17,877:ERROR : Error sending notification (status code 302)
2024-01-24 14:00:17,879:ERROR : 
2024-01-24 14:04:57,458:INFO : Sending update_draft notice to event queue
2024-01-24 14:04:57,540:INFO : method: PUT
2024-01-24 14:04:57,541:INFO : payload:
2024-01-24 14:04:57,542:INFO : {'description': '',
 'network': 'works',
 'other_urls': ['https://localhost/records/w6tas-vzm67/files'],
 'primary_url': 'https://localhost/records/w6tas-vzm67',
 'publication_date': '2024-01-23',
 'title': 'A photo 3',
 'type': 'work',
 'updated_date': '2024-01-24 19:04:57+00:00'}
2024-01-24 14:04:58,009:INFO : <Response [302]>
2024-01-24 14:04:58,012:ERROR : Error sending notification (status code 302)
2024-01-24 14:04:58,014:ERROR : 
2024-01-24 14:19:08,582:INFO : Sending update_draft notice to event queue
2024-01-24 14:19:08,629:INFO : method: PUT
2024-01-24 14:19:08,630:INFO : payload:
2024-01-24 14:19:08,631:INFO : {'description': '',
 'network': 'works',
 'other_urls': ['https://localhost/records/w6tas-vzm67/files'],
 'primary_url': 'https://localhost/records/w6tas-vzm67',
 'publication_date': '2024-01-23',
 'title': 'A photo 3',
 'type': 'work',
 'updated_date': '2024-01-24 19:19:08+00:00'}
2024-01-24 14:19:09,079:INFO : <Response [302]>
2024-01-24 14:19:09,081:ERROR : Error sending notification (status code 302)
2024-01-24 14:19:09,082:ERROR : 
2024-01-24 14:20:47,487:INFO : Sending update_draft notice to event queue
2024-01-24 14:20:47,575:INFO : method: PUT
2024-01-24 14:20:47,576:INFO : payload:
2024-01-24 14:20:47,577:INFO : {'description': '',
 'network': 'works',
 'other_urls': ['https://localhost/records/w6tas-vzm67/files'],
 'primary_url': 'https://localhost/records/w6tas-vzm67',
 'publication_date': '2024-01-23',
 'title': 'A photo 3',
 'type': 'work',
 'updated_date': '2024-01-24 19:20:47+00:00'}
2024-01-24 14:20:47,999:INFO : <Response [302]>
2024-01-24 14:20:48,001:ERROR : Error sending notification (status code 302)
2024-01-24 14:20:48,003:ERROR : 
2024-01-24 14:35:16,247:INFO : Sending update_draft notice to event queue
2024-01-24 14:35:16,344:INFO : method: PUT
2024-01-24 14:35:16,345:INFO : payload:
2024-01-24 14:35:16,346:INFO : {'description': '',
 'network': 'works',
 'other_urls': ['https://localhost/records/w6tas-vzm67/files'],
 'primary_url': 'https://localhost/records/w6tas-vzm67',
 'publication_date': '2024-01-23',
 'title': 'A photo 3',
 'type': 'work',
 'updated_date': '2024-01-24 19:35:16+00:00'}
2024-01-24 14:35:16,816:INFO : <Response [302]>
2024-01-24 14:35:16,818:ERROR : Error sending notification (status code 302)
2024-01-24 14:35:16,818:ERROR : 
2024-01-24 14:58:08,785:INFO : Sending update_draft notice to event queue
2024-01-24 14:58:08,927:INFO : method: PUT
2024-01-24 14:58:08,928:INFO : payload:
2024-01-24 14:58:08,930:INFO : {'description': '',
 'network': 'works',
 'other_urls': ['https://localhost/records/w6tas-vzm67/files'],
 'primary_url': 'https://localhost/records/w6tas-vzm67',
 'publication_date': '2024-01-23',
 'title': 'A photo 3',
 'type': 'work',
 'updated_date': '2024-01-24 19:58:08+00:00'}
2024-01-24 14:58:09,413:INFO : <Response [302]>
2024-01-24 14:58:09,415:ERROR : Error sending notification (status code 302)
2024-01-24 14:58:09,417:ERROR : 
2024-01-24 14:59:05,362:INFO : Sending update_draft notice to event queue
2024-01-24 14:59:05,427:INFO : method: PUT
2024-01-24 14:59:05,428:INFO : payload:
2024-01-24 14:59:05,428:INFO : {'description': '',
 'network': 'works',
 'other_urls': ['https://localhost/records/w6tas-vzm67/files'],
 'primary_url': 'https://localhost/records/w6tas-vzm67',
 'publication_date': '2024-01-23',
 'title': 'A photo 3',
 'type': 'work',
 'updated_date': '2024-01-24 19:59:05+00:00'}
2024-01-24 14:59:05,921:INFO : Sending update_draft notice to event queue
2024-01-24 14:59:05,944:INFO : method: PUT
2024-01-24 14:59:05,945:INFO : payload:
2024-01-24 14:59:05,947:INFO : {'description': '',
 'network': 'works',
 'other_urls': ['https://localhost/records/w6tas-vzm67/files'],
 'primary_url': 'https://localhost/records/w6tas-vzm67',
 'publication_date': '2024-01-23',
 'title': 'A photo 3',
 'type': 'work',
 'updated_date': '2024-01-24 19:59:05+00:00'}
2024-01-24 14:59:05,956:INFO : <Response [302]>
2024-01-24 14:59:05,957:ERROR : Error sending notification (status code 302)
2024-01-24 14:59:05,958:ERROR : 
2024-01-24 14:59:06,340:INFO : <Response [302]>
2024-01-24 14:59:06,342:ERROR : Error sending notification (status code 302)
2024-01-24 14:59:06,344:ERROR : 
2024-01-24 16:22:02,608:INFO : Sending create notice to event queue
2024-01-24 16:22:13,828:INFO : Sending create notice to event queue
2024-01-24 16:37:35,986:INFO : Sending create notice to event queue
2024-01-24 16:39:50,316:INFO : Sending create notice to event queue
2024-01-24 16:39:50,390:INFO : method: POST
2024-01-24 16:39:50,391:INFO : payload:
2024-01-24 16:39:50,392:INFO : {'description': '',
 'network': 'works',
 'other_urls': ['https://localhost/records/5cnrj-4h953/files'],
 'primary_url': 'https://localhost/records/5cnrj-4h953',
 'publication_date': '2024-01-18',
 'title': 'A photo of a board',
 'type': 'work',
 'updated_date': '2024-01-24 21:39:50+00:00'}
2024-01-24 16:39:50,937:INFO : <Response [302]>
2024-01-24 16:39:50,939:ERROR : Error sending notification (status code 302)
2024-01-24 16:39:50,940:ERROR : 
2024-01-24 16:49:15,540:INFO : Sending create notice to event queue
2024-01-24 16:49:15,550:INFO : method: POST
2024-01-24 16:49:15,551:INFO : payload:
2024-01-24 16:49:15,552:INFO : {'description': '',
 'network': 'works',
 'other_urls': ['https://localhost/records/fnvq4-jm529/files'],
 'primary_url': 'https://localhost/records/fnvq4-jm529',
 'publication_date': '2024-01-18',
 'title': 'A photo of a board',
 'type': 'work',
 'updated_date': '2024-01-24 21:49:15+00:00'}
2024-01-24 16:49:16,103:INFO : <Response [302]>
2024-01-24 16:49:16,106:ERROR : Error sending notification (status code 302)
2024-01-24 16:49:16,108:ERROR : 
2024-01-24 16:49:32,039:INFO : Sending update_draft notice to event queue
2024-01-24 16:49:32,049:INFO : method: PUT
2024-01-24 16:49:32,050:INFO : payload:
2024-01-24 16:49:32,051:INFO : {'description': '',
 'network': 'works',
 'other_urls': [],
 'primary_url': 'https://localhost/records/fnvq4-jm529',
 'publication_date': '2024-01-18',
 'title': 'A photo of a board',
 'type': 'work',
 'updated_date': '2024-01-24 21:49:32+00:00'}
2024-01-24 16:49:32,438:INFO : <Response [302]>
2024-01-24 16:49:32,441:ERROR : Error sending notification (status code 302)
2024-01-24 16:49:32,443:ERROR : 
2024-01-24 17:20:36,789:INFO : Sending create notice to event queue
2024-01-24 17:20:36,807:INFO : method: POST
2024-01-24 17:20:36,809:INFO : payload:
2024-01-24 17:20:36,810:INFO : {'description': '',
 'network': 'works',
 'other_urls': ['https://localhost/records/440k0-mwr88/files'],
 'primary_url': 'https://localhost/records/440k0-mwr88',
 'publication_date': '2024-01-24',
 'title': 'Mine',
 'type': 'work',
 'updated_date': '2024-01-24 22:20:36+00:00'}
2024-01-24 17:20:37,229:INFO : <Response [302]>
2024-01-24 17:20:37,232:ERROR : Error sending notification (status code 302)
2024-01-24 17:20:37,233:ERROR : 
2024-01-24 17:28:28,915:INFO : Sending update_draft notice to event queue
2024-01-24 17:28:28,991:INFO : method: PUT
2024-01-24 17:28:28,992:INFO : payload:
2024-01-24 17:28:28,993:INFO : {'description': '',
 'network': 'works',
 'other_urls': [],
 'primary_url': 'https://localhost/records/440k0-mwr88',
 'publication_date': '2024-01-24',
 'title': 'Mine',
 'type': 'work',
 'updated_date': '2024-01-24 22:28:28+00:00'}
2024-01-24 17:28:29,513:INFO : <Response [302]>
2024-01-24 17:28:29,514:ERROR : Error sending notification (status code 302)
2024-01-24 17:28:29,515:ERROR : 
2024-01-24 17:29:28,633:INFO : Sending update_draft notice to event queue
2024-01-24 17:29:28,691:INFO : method: PUT
2024-01-24 17:29:28,692:INFO : payload:
2024-01-24 17:29:28,693:INFO : {'description': '',
 'network': 'works',
 'other_urls': [],
 'primary_url': 'https://localhost/records/440k0-mwr88',
 'publication_date': '2024-01-24',
 'title': 'Mine',
 'type': 'work',
 'updated_date': '2024-01-24 22:29:28+00:00'}
2024-01-24 17:29:29,247:INFO : <Response [302]>
2024-01-24 17:29:29,249:ERROR : Error sending notification (status code 302)
2024-01-24 17:29:29,251:ERROR : 
2024-01-24 17:30:38,357:INFO : Sending update_draft notice to event queue
2024-01-24 17:30:38,432:INFO : method: PUT
2024-01-24 17:30:38,433:INFO : payload:
2024-01-24 17:30:38,433:INFO : {'description': '',
 'network': 'works',
 'other_urls': [],
 'primary_url': 'https://localhost/records/440k0-mwr88',
 'publication_date': '2024-01-24',
 'title': 'Mine',
 'type': 'work',
 'updated_date': '2024-01-24 22:30:38+00:00'}
2024-01-24 17:30:38,904:INFO : <Response [302]>
2024-01-24 17:30:38,906:ERROR : Error sending notification (status code 302)
2024-01-24 17:30:38,908:ERROR : 
2024-01-24 17:44:53,228:INFO : Sending create notice to event queue
2024-01-24 17:45:01,092:INFO : method: POST
2024-01-24 17:45:01,097:INFO : payload:
2024-01-24 17:45:01,099:INFO : {'description': '',
 'network': 'works',
 'other_urls': ['https://localhost/records/w4m73-b0y74/files'],
 'primary_url': 'https://localhost/records/w4m73-b0y74',
 'publication_date': '2024-01-24',
 'title': 'Mine again',
 'type': 'work',
 'updated_date': '2024-01-24 22:44:53+00:00'}
2024-01-24 17:45:01,533:INFO : <Response [302]>
2024-01-24 17:45:01,535:ERROR : Error sending notification (status code 302)
2024-01-24 17:45:01,536:ERROR : 
2024-01-24 17:48:25,983:INFO : Sending update_draft notice to event queue
2024-01-24 17:48:26,028:INFO : method: PUT
2024-01-24 17:48:26,028:INFO : payload:
2024-01-24 17:48:26,029:INFO : {'description': '',
 'network': 'works',
 'other_urls': [],
 'primary_url': 'https://localhost/records/w4m73-b0y74',
 'publication_date': '2024-01-24',
 'title': 'Mine again',
 'type': 'work',
 'updated_date': '2024-01-24 22:48:25+00:00'}
2024-01-24 17:48:26,489:INFO : <Response [302]>
2024-01-24 17:48:26,491:ERROR : Error sending notification (status code 302)
2024-01-24 17:48:26,492:ERROR : 
2024-01-24 17:49:03,425:INFO : Sending update_draft notice to event queue
2024-01-24 17:49:09,722:INFO : method: PUT
2024-01-24 17:49:09,723:INFO : payload:
2024-01-24 17:49:09,724:INFO : {'description': '',
 'network': 'works',
 'other_urls': [],
 'primary_url': 'https://localhost/records/w4m73-b0y74',
 'publication_date': '2024-01-24',
 'title': 'Mine again',
 'type': 'work',
 'updated_date': '2024-01-24 22:49:03+00:00'}
2024-01-24 17:49:10,144:INFO : <Response [302]>
2024-01-24 17:49:10,146:ERROR : Error sending notification (status code 302)
2024-01-24 17:49:10,148:ERROR : 
